Started at Tue Nov 01 21:38:21 IST 2022
Processing SNP31
Offering SNP31 to Project Build Discarder
Finished at Tue Nov 01 21:38:21 IST 2022. 47ms
Started at Tue Nov 01 21:38:22 IST 2022
Processing SNP31
Offering SNP31 to Project Build Discarder
Finished at Tue Nov 01 21:38:22 IST 2022. 0ms
Started at Tue Nov 01 22:20:13 IST 2022
Processing SNP31
Offering SNP31 to Project Build Discarder
Finished at Tue Nov 01 22:20:13 IST 2022. 16ms
Started at Tue Nov 01 23:20:13 IST 2022
Processing SNP31
Offering SNP31 to Project Build Discarder
Finished at Tue Nov 01 23:20:13 IST 2022. 5ms
Started at Wed Nov 02 00:20:10 IST 2022
Processing SNP31
Offering SNP31 to Project Build Discarder
Finished at Wed Nov 02 00:20:10 IST 2022. 2ms
Started at Wed Nov 02 11:36:28 IST 2022
Processing SNP31
Offering SNP31 to Project Build Discarder
Finished at Wed Nov 02 11:36:28 IST 2022. 0ms
Started at Wed Nov 02 12:20:08 IST 2022
Processing SNP31
Offering SNP31 to Project Build Discarder
Finished at Wed Nov 02 12:20:08 IST 2022. 10ms
Started at Wed Nov 02 13:20:08 IST 2022
Processing SNP31
Offering SNP31 to Project Build Discarder
Finished at Wed Nov 02 13:20:08 IST 2022. 5ms
Started at Wed Nov 02 14:20:08 IST 2022
Processing SNP31
Offering SNP31 to Project Build Discarder
Finished at Wed Nov 02 14:20:08 IST 2022. 0ms
Started at Wed Nov 02 15:20:08 IST 2022
Processing SNP31
Offering SNP31 to Project Build Discarder
Finished at Wed Nov 02 15:20:08 IST 2022. 15ms
Started at Wed Nov 02 16:20:08 IST 2022
Processing SNP31
Offering SNP31 to Project Build Discarder
Finished at Wed Nov 02 16:20:08 IST 2022. 0ms
Started at Wed Nov 02 17:20:08 IST 2022
Processing SNP31
Offering SNP31 to Project Build Discarder
Finished at Wed Nov 02 17:20:08 IST 2022. 0ms
Started at Wed Nov 02 18:20:08 IST 2022
Processing SNP31
Offering SNP31 to Project Build Discarder
Finished at Wed Nov 02 18:20:08 IST 2022. 0ms
Started at Wed Nov 02 19:20:09 IST 2022
Processing SNP31
Offering SNP31 to Project Build Discarder
Finished at Wed Nov 02 19:20:09 IST 2022. 8ms
Started at Wed Nov 02 20:20:09 IST 2022
Processing SNP31
Offering SNP31 to Project Build Discarder
Finished at Wed Nov 02 20:20:09 IST 2022. 3ms
